<?xml version="1.0" encoding="UTF-8"?>
<!-- Generated by org.testng.reporters.JUnitXMLReporter -->
<testsuite hostname="tp3vdiw10dev205" ignored="0" name="BankingApp Test" tests="1" failures="1" timestamp="15 May 2019 12:13:29 GMT" time="73.462" errors="0">
  <testcase name="loginTest" time="28.948" classname="com.demoproject.testCases.TC_LoginTest_001">
    <failure type="java.lang.AssertionError" message="expected [false] but found [true]">
      <![CDATA[java.lang.AssertionError: expected [false] but found [true]
at com.demoproject.testCases.TC_LoginTest_001.loginTest(TC_LoginTest_001.java:27)
... Removed 29 stack frames]]>
    </failure>
  </testcase> <!-- loginTest -->
</testsuite> <!-- BankingApp Test -->
